<?xml version="1.0" encoding="UTF-8"?>
<!-- Generated by org.testng.reporters.JUnitXMLReporter -->
<testsuite ignored="0" hostname="DESKTOP-CJ2TM4F" failures="0" tests="1" name="Surefire test" time="3.34" errors="0" timestamp="2024-01-04T20:04:34 IST">
  <testcase classname="com.vtiger.genericLibrery.BaseClass" name="@BeforeClass setUp" time="-1.704378871606E9">
    <failure type="org.testng.TestNGException" message="
Parameter &amp;apos;browser&amp;apos; is required by BeforeClass on method setUp but has not been marked @Optional or defined
">
      <![CDATA[org.testng.TestNGException: 
Parameter 'browser' is required by BeforeClass on method setUp but has not been marked @Optional or defined

at java.base/java.util.ArrayList.forEach(ArrayList.java:1541)
... Removed 27 stack frames]]>
    </failure>
  </testcase> <!-- @BeforeClass setUp -->
  <testcase classname="com.vtiger.genericLibrery.BaseClass" name="@BeforeMethod login" time="0.032">
    <failure type="java.lang.NullPointerException">
      <![CDATA[java.lang.NullPointerException
at org.openqa.selenium.support.pagefactory.DefaultElementLocator.findElement(DefaultElementLocator.java:68)
at org.openqa.selenium.support.pagefactory.internal.LocatingElementHandler.invoke(LocatingElementHandler.java:38)
at com.sun.proxy.$Proxy15.sendKeys(Unknown Source)
at com.vtigerloginpages.LoginPage.loginWithValidCredentials(LoginPage.java:64)
at com.vtiger.genericLibrery.BaseClass.login(BaseClass.java:51)
at java.base/java.util.ArrayList.forEach(ArrayList.java:1541)
... Removed 36 stack frames]]>
    </failure>
  </testcase> <!-- @BeforeMethod login -->
  <testcase classname="com.vtiger.genericLibrery.BaseClass" name="@AfterMethod logOut" time="3.014">
    <failure type="java.lang.IllegalArgumentException" message="Driver must be set">
      <![CDATA[java.lang.IllegalArgumentException: Driver must be set
at org.openqa.selenium.internal.Require.nonNull(Require.java:60)
at org.openqa.selenium.interactions.Actions.<init>(Actions.java:58)
at com.vtiger.genericLibrery.WebDriverUtility.moveCursor(WebDriverUtility.java:174)
at com.vtiger.genericLibrery.BaseClass.logOut(BaseClass.java:59)
at java.base/java.util.ArrayList.forEach(ArrayList.java:1541)
... Removed 37 stack frames]]>
    </failure>
  </testcase> <!-- @AfterMethod logOut -->
  <testcase classname="com.vtiger.genericLibrery.BaseClass" name="@AfterClass closeBrowser" time="0.0">
    <skipped/>
  </testcase> <!-- @AfterClass closeBrowser -->
  <testcase classname="vtiger.DeleteContact" name="contactDelete" time="0.0">
    <skipped/>
  </testcase> <!-- contactDelete -->
</testsuite> <!-- Surefire test -->
